Reading rubber configuration from /Users/Sam/Documents/Development/mailddit/mailddit_rails/config/rubber/rubber.yml
Reading rubber configuration from /Users/Sam/Documents/Development/mailddit/mailddit_rails/config/rubber/rubber-apache.yml
Reading rubber configuration from /Users/Sam/Documents/Development/mailddit/mailddit_rails/config/rubber/rubber-complete.yml
Reading rubber configuration from /Users/Sam/Documents/Development/mailddit/mailddit_rails/config/rubber/rubber-dns.yml
Reading rubber configuration from /Users/Sam/Documents/Development/mailddit/mailddit_rails/config/rubber/rubber-haproxy.yml
Reading rubber configuration from /Users/Sam/Documents/Development/mailddit/mailddit_rails/config/rubber/rubber-memcached.yml
Reading rubber configuration from /Users/Sam/Documents/Development/mailddit/mailddit_rails/config/rubber/rubber-monit.yml
Reading rubber configuration from /Users/Sam/Documents/Development/mailddit/mailddit_rails/config/rubber/rubber-munin.yml
Reading rubber configuration from /Users/Sam/Documents/Development/mailddit/mailddit_rails/config/rubber/rubber-mysql.yml
Reading rubber configuration from /Users/Sam/Documents/Development/mailddit/mailddit_rails/config/rubber/rubber-passenger.yml
Reading rubber configuration from /Users/Sam/Documents/Development/mailddit/mailddit_rails/config/rubber/rubber-rvm.yml
Reading rubber instances from /Users/Sam/Documents/Development/mailddit/mailddit_rails/config/rubber/instance-development.yml
Reading rubber configuration from /Users/Sam/Documents/Development/mailddit/mailddit_rails/config/rubber/rubber.yml
Reading rubber configuration from /Users/Sam/Documents/Development/mailddit/mailddit_rails/config/rubber/rubber-apache.yml
Reading rubber configuration from /Users/Sam/Documents/Development/mailddit/mailddit_rails/config/rubber/rubber-complete.yml
Reading rubber configuration from /Users/Sam/Documents/Development/mailddit/mailddit_rails/config/rubber/rubber-dns.yml
Reading rubber configuration from /Users/Sam/Documents/Development/mailddit/mailddit_rails/config/rubber/rubber-haproxy.yml
Reading rubber configuration from /Users/Sam/Documents/Development/mailddit/mailddit_rails/config/rubber/rubber-memcached.yml
Reading rubber configuration from /Users/Sam/Documents/Development/mailddit/mailddit_rails/config/rubber/rubber-monit.yml
Reading rubber configuration from /Users/Sam/Documents/Development/mailddit/mailddit_rails/config/rubber/rubber-munin.yml
Reading rubber configuration from /Users/Sam/Documents/Development/mailddit/mailddit_rails/config/rubber/rubber-mysql.yml
Reading rubber configuration from /Users/Sam/Documents/Development/mailddit/mailddit_rails/config/rubber/rubber-passenger.yml
Reading rubber configuration from /Users/Sam/Documents/Development/mailddit/mailddit_rails/config/rubber/rubber-rvm.yml
Reading rubber instances from /Users/Sam/Documents/Development/mailddit/mailddit_rails/config/rubber/instance-development.yml
Reading rubber configuration from /Users/Sam/Documents/Development/mailddit/mailddit_rails/config/rubber/rubber.yml
Reading rubber configuration from /Users/Sam/Documents/Development/mailddit/mailddit_rails/config/rubber/rubber-apache.yml
Reading rubber configuration from /Users/Sam/Documents/Development/mailddit/mailddit_rails/config/rubber/rubber-complete.yml
Reading rubber configuration from /Users/Sam/Documents/Development/mailddit/mailddit_rails/config/rubber/rubber-dns.yml
Reading rubber configuration from /Users/Sam/Documents/Development/mailddit/mailddit_rails/config/rubber/rubber-haproxy.yml
Reading rubber configuration from /Users/Sam/Documents/Development/mailddit/mailddit_rails/config/rubber/rubber-memcached.yml
Reading rubber configuration from /Users/Sam/Documents/Development/mailddit/mailddit_rails/config/rubber/rubber-monit.yml
Reading rubber configuration from /Users/Sam/Documents/Development/mailddit/mailddit_rails/config/rubber/rubber-munin.yml
Reading rubber configuration from /Users/Sam/Documents/Development/mailddit/mailddit_rails/config/rubber/rubber-mysql.yml
Reading rubber configuration from /Users/Sam/Documents/Development/mailddit/mailddit_rails/config/rubber/rubber-passenger.yml
Reading rubber configuration from /Users/Sam/Documents/Development/mailddit/mailddit_rails/config/rubber/rubber-rvm.yml
Reading rubber instances from /Users/Sam/Documents/Development/mailddit/mailddit_rails/config/rubber/instance-development.yml
Reading rubber configuration from /Users/Sam/Documents/Development/mailddit/mailddit_rails/config/rubber/rubber.yml
Reading rubber configuration from /Users/Sam/Documents/Development/mailddit/mailddit_rails/config/rubber/rubber-apache.yml
Reading rubber configuration from /Users/Sam/Documents/Development/mailddit/mailddit_rails/config/rubber/rubber-complete.yml
Reading rubber configuration from /Users/Sam/Documents/Development/mailddit/mailddit_rails/config/rubber/rubber-dns.yml
Reading rubber configuration from /Users/Sam/Documents/Development/mailddit/mailddit_rails/config/rubber/rubber-haproxy.yml
Reading rubber configuration from /Users/Sam/Documents/Development/mailddit/mailddit_rails/config/rubber/rubber-memcached.yml
Reading rubber configuration from /Users/Sam/Documents/Development/mailddit/mailddit_rails/config/rubber/rubber-monit.yml
Reading rubber configuration from /Users/Sam/Documents/Development/mailddit/mailddit_rails/config/rubber/rubber-munin.yml
Reading rubber configuration from /Users/Sam/Documents/Development/mailddit/mailddit_rails/config/rubber/rubber-mysql.yml
Reading rubber configuration from /Users/Sam/Documents/Development/mailddit/mailddit_rails/config/rubber/rubber-passenger.yml
Reading rubber configuration from /Users/Sam/Documents/Development/mailddit/mailddit_rails/config/rubber/rubber-rvm.yml
Reading rubber instances from /Users/Sam/Documents/Development/mailddit/mailddit_rails/config/rubber/instance-development.yml
Reading rubber configuration from /Users/Sam/Documents/Development/mailddit/mailddit_rails/config/rubber/rubber.yml
Reading rubber configuration from /Users/Sam/Documents/Development/mailddit/mailddit_rails/config/rubber/rubber-apache.yml
Reading rubber configuration from /Users/Sam/Documents/Development/mailddit/mailddit_rails/config/rubber/rubber-complete.yml
Reading rubber configuration from /Users/Sam/Documents/Development/mailddit/mailddit_rails/config/rubber/rubber-dns.yml
Reading rubber configuration from /Users/Sam/Documents/Development/mailddit/mailddit_rails/config/rubber/rubber-haproxy.yml
Reading rubber configuration from /Users/Sam/Documents/Development/mailddit/mailddit_rails/config/rubber/rubber-memcached.yml
Reading rubber configuration from /Users/Sam/Documents/Development/mailddit/mailddit_rails/config/rubber/rubber-monit.yml
Reading rubber configuration from /Users/Sam/Documents/Development/mailddit/mailddit_rails/config/rubber/rubber-munin.yml
Reading rubber configuration from /Users/Sam/Documents/Development/mailddit/mailddit_rails/config/rubber/rubber-mysql.yml
Reading rubber configuration from /Users/Sam/Documents/Development/mailddit/mailddit_rails/config/rubber/rubber-passenger.yml
Reading rubber configuration from /Users/Sam/Documents/Development/mailddit/mailddit_rails/config/rubber/rubber-rvm.yml
Reading rubber instances from /Users/Sam/Documents/Development/mailddit/mailddit_rails/config/rubber/instance-development.yml
Reading rubber configuration from /Users/Sam/Documents/Development/mailddit/mailddit_rails/config/rubber/rubber.yml
Reading rubber configuration from /Users/Sam/Documents/Development/mailddit/mailddit_rails/config/rubber/rubber-apache.yml
Reading rubber configuration from /Users/Sam/Documents/Development/mailddit/mailddit_rails/config/rubber/rubber-complete.yml
Reading rubber configuration from /Users/Sam/Documents/Development/mailddit/mailddit_rails/config/rubber/rubber-dns.yml
Reading rubber configuration from /Users/Sam/Documents/Development/mailddit/mailddit_rails/config/rubber/rubber-haproxy.yml
Reading rubber configuration from /Users/Sam/Documents/Development/mailddit/mailddit_rails/config/rubber/rubber-memcached.yml
Reading rubber configuration from /Users/Sam/Documents/Development/mailddit/mailddit_rails/config/rubber/rubber-monit.yml
Reading rubber configuration from /Users/Sam/Documents/Development/mailddit/mailddit_rails/config/rubber/rubber-munin.yml
Reading rubber configuration from /Users/Sam/Documents/Development/mailddit/mailddit_rails/config/rubber/rubber-mysql.yml
Reading rubber configuration from /Users/Sam/Documents/Development/mailddit/mailddit_rails/config/rubber/rubber-passenger.yml
Reading rubber configuration from /Users/Sam/Documents/Development/mailddit/mailddit_rails/config/rubber/rubber-rvm.yml
Reading rubber instances from /Users/Sam/Documents/Development/mailddit/mailddit_rails/config/rubber/instance-development.yml
Reading rubber configuration from /Users/Sam/Documents/Development/mailddit/mailddit_rails/config/rubber/rubber.yml
Reading rubber configuration from /Users/Sam/Documents/Development/mailddit/mailddit_rails/config/rubber/rubber-apache.yml
Reading rubber configuration from /Users/Sam/Documents/Development/mailddit/mailddit_rails/config/rubber/rubber-complete.yml
Reading rubber configuration from /Users/Sam/Documents/Development/mailddit/mailddit_rails/config/rubber/rubber-dns.yml
Reading rubber configuration from /Users/Sam/Documents/Development/mailddit/mailddit_rails/config/rubber/rubber-haproxy.yml
Reading rubber configuration from /Users/Sam/Documents/Development/mailddit/mailddit_rails/config/rubber/rubber-memcached.yml
Reading rubber configuration from /Users/Sam/Documents/Development/mailddit/mailddit_rails/config/rubber/rubber-monit.yml
Reading rubber configuration from /Users/Sam/Documents/Development/mailddit/mailddit_rails/config/rubber/rubber-munin.yml
Reading rubber configuration from /Users/Sam/Documents/Development/mailddit/mailddit_rails/config/rubber/rubber-mysql.yml
Reading rubber configuration from /Users/Sam/Documents/Development/mailddit/mailddit_rails/config/rubber/rubber-passenger.yml
Reading rubber configuration from /Users/Sam/Documents/Development/mailddit/mailddit_rails/config/rubber/rubber-rvm.yml
Reading rubber instances from /Users/Sam/Documents/Development/mailddit/mailddit_rails/config/rubber/instance-development.yml
Reading rubber configuration from /Users/Sam/Documents/Development/mailddit/mailddit_rails/config/rubber/rubber.yml
Reading rubber configuration from /Users/Sam/Documents/Development/mailddit/mailddit_rails/config/rubber/rubber-apache.yml
Reading rubber configuration from /Users/Sam/Documents/Development/mailddit/mailddit_rails/config/rubber/rubber-complete.yml
Reading rubber configuration from /Users/Sam/Documents/Development/mailddit/mailddit_rails/config/rubber/rubber-dns.yml
Reading rubber configuration from /Users/Sam/Documents/Development/mailddit/mailddit_rails/config/rubber/rubber-haproxy.yml
Reading rubber configuration from /Users/Sam/Documents/Development/mailddit/mailddit_rails/config/rubber/rubber-memcached.yml
Reading rubber configuration from /Users/Sam/Documents/Development/mailddit/mailddit_rails/config/rubber/rubber-monit.yml
Reading rubber configuration from /Users/Sam/Documents/Development/mailddit/mailddit_rails/config/rubber/rubber-munin.yml
Reading rubber configuration from /Users/Sam/Documents/Development/mailddit/mailddit_rails/config/rubber/rubber-mysql.yml
Reading rubber configuration from /Users/Sam/Documents/Development/mailddit/mailddit_rails/config/rubber/rubber-passenger.yml
Reading rubber configuration from /Users/Sam/Documents/Development/mailddit/mailddit_rails/config/rubber/rubber-rvm.yml
Reading rubber instances from /Users/Sam/Documents/Development/mailddit/mailddit_rails/config/rubber/instance-development.yml
Reading rubber configuration from /Users/Sam/Documents/Development/mailddit/mailddit_rails/config/rubber/rubber.yml
Reading rubber configuration from /Users/Sam/Documents/Development/mailddit/mailddit_rails/config/rubber/rubber-apache.yml
Reading rubber configuration from /Users/Sam/Documents/Development/mailddit/mailddit_rails/config/rubber/rubber-complete.yml
Reading rubber configuration from /Users/Sam/Documents/Development/mailddit/mailddit_rails/config/rubber/rubber-dns.yml
Reading rubber configuration from /Users/Sam/Documents/Development/mailddit/mailddit_rails/config/rubber/rubber-haproxy.yml
Reading rubber configuration from /Users/Sam/Documents/Development/mailddit/mailddit_rails/config/rubber/rubber-memcached.yml
Reading rubber configuration from /Users/Sam/Documents/Development/mailddit/mailddit_rails/config/rubber/rubber-monit.yml
Reading rubber configuration from /Users/Sam/Documents/Development/mailddit/mailddit_rails/config/rubber/rubber-munin.yml
Reading rubber configuration from /Users/Sam/Documents/Development/mailddit/mailddit_rails/config/rubber/rubber-mysql.yml
Reading rubber configuration from /Users/Sam/Documents/Development/mailddit/mailddit_rails/config/rubber/rubber-passenger.yml
Reading rubber configuration from /Users/Sam/Documents/Development/mailddit/mailddit_rails/config/rubber/rubber-rvm.yml
Reading rubber instances from /Users/Sam/Documents/Development/mailddit/mailddit_rails/config/rubber/instance-development.yml
Reading rubber configuration from /Users/Sam/Documents/Development/mailddit/mailddit_rails/config/rubber/rubber.yml
Reading rubber configuration from /Users/Sam/Documents/Development/mailddit/mailddit_rails/config/rubber/rubber-apache.yml
Reading rubber configuration from /Users/Sam/Documents/Development/mailddit/mailddit_rails/config/rubber/rubber-complete.yml
Reading rubber configuration from /Users/Sam/Documents/Development/mailddit/mailddit_rails/config/rubber/rubber-dns.yml
Reading rubber configuration from /Users/Sam/Documents/Development/mailddit/mailddit_rails/config/rubber/rubber-haproxy.yml
Reading rubber configuration from /Users/Sam/Documents/Development/mailddit/mailddit_rails/config/rubber/rubber-memcached.yml
Reading rubber configuration from /Users/Sam/Documents/Development/mailddit/mailddit_rails/config/rubber/rubber-monit.yml
Reading rubber configuration from /Users/Sam/Documents/Development/mailddit/mailddit_rails/config/rubber/rubber-munin.yml
Reading rubber configuration from /Users/Sam/Documents/Development/mailddit/mailddit_rails/config/rubber/rubber-mysql.yml
Reading rubber configuration from /Users/Sam/Documents/Development/mailddit/mailddit_rails/config/rubber/rubber-passenger.yml
Reading rubber configuration from /Users/Sam/Documents/Development/mailddit/mailddit_rails/config/rubber/rubber-rvm.yml
Reading rubber instances from /Users/Sam/Documents/Development/mailddit/mailddit_rails/config/rubber/instance-development.yml
Reading rubber configuration from /Users/Sam/Documents/Development/mailddit/mailddit_rails/config/rubber/rubber.yml
Reading rubber configuration from /Users/Sam/Documents/Development/mailddit/mailddit_rails/config/rubber/rubber-apache.yml
Reading rubber configuration from /Users/Sam/Documents/Development/mailddit/mailddit_rails/config/rubber/rubber-complete.yml
Reading rubber configuration from /Users/Sam/Documents/Development/mailddit/mailddit_rails/config/rubber/rubber-dns.yml
Reading rubber configuration from /Users/Sam/Documents/Development/mailddit/mailddit_rails/config/rubber/rubber-haproxy.yml
Reading rubber configuration from /Users/Sam/Documents/Development/mailddit/mailddit_rails/config/rubber/rubber-memcached.yml
Reading rubber configuration from /Users/Sam/Documents/Development/mailddit/mailddit_rails/config/rubber/rubber-monit.yml
Reading rubber configuration from /Users/Sam/Documents/Development/mailddit/mailddit_rails/config/rubber/rubber-munin.yml
Reading rubber configuration from /Users/Sam/Documents/Development/mailddit/mailddit_rails/config/rubber/rubber-mysql.yml
Reading rubber configuration from /Users/Sam/Documents/Development/mailddit/mailddit_rails/config/rubber/rubber-passenger.yml
Reading rubber configuration from /Users/Sam/Documents/Development/mailddit/mailddit_rails/config/rubber/rubber-rvm.yml
Reading rubber instances from /Users/Sam/Documents/Development/mailddit/mailddit_rails/config/rubber/instance-development.yml


Started GET "/" for 127.0.0.1 at 2011-02-03 17:09:32 -0500
Reading rubber configuration from /Users/Sam/Documents/Development/mailddit/mailddit_rails/config/rubber/rubber.yml
Reading rubber configuration from /Users/Sam/Documents/Development/mailddit/mailddit_rails/config/rubber/rubber-apache.yml
Reading rubber configuration from /Users/Sam/Documents/Development/mailddit/mailddit_rails/config/rubber/rubber-complete.yml
Reading rubber configuration from /Users/Sam/Documents/Development/mailddit/mailddit_rails/config/rubber/rubber-dns.yml
Reading rubber configuration from /Users/Sam/Documents/Development/mailddit/mailddit_rails/config/rubber/rubber-haproxy.yml
Reading rubber configuration from /Users/Sam/Documents/Development/mailddit/mailddit_rails/config/rubber/rubber-memcached.yml
Reading rubber configuration from /Users/Sam/Documents/Development/mailddit/mailddit_rails/config/rubber/rubber-monit.yml
Reading rubber configuration from /Users/Sam/Documents/Development/mailddit/mailddit_rails/config/rubber/rubber-munin.yml
Reading rubber configuration from /Users/Sam/Documents/Development/mailddit/mailddit_rails/config/rubber/rubber-mysql.yml
Reading rubber configuration from /Users/Sam/Documents/Development/mailddit/mailddit_rails/config/rubber/rubber-passenger.yml
Reading rubber configuration from /Users/Sam/Documents/Development/mailddit/mailddit_rails/config/rubber/rubber-rvm.yml
Reading rubber instances from /Users/Sam/Documents/Development/mailddit/mailddit_rails/config/rubber/instance-development.yml


Started GET "/" for 127.0.0.1 at 2011-02-03 17:12:55 -0500
Reading rubber configuration from /Users/Sam/Documents/Development/mailddit/mailddit_rails/config/rubber/rubber.yml
Reading rubber configuration from /Users/Sam/Documents/Development/mailddit/mailddit_rails/config/rubber/rubber-apache.yml
Reading rubber configuration from /Users/Sam/Documents/Development/mailddit/mailddit_rails/config/rubber/rubber-complete.yml
Reading rubber configuration from /Users/Sam/Documents/Development/mailddit/mailddit_rails/config/rubber/rubber-dns.yml
Reading rubber configuration from /Users/Sam/Documents/Development/mailddit/mailddit_rails/config/rubber/rubber-haproxy.yml
Reading rubber configuration from /Users/Sam/Documents/Development/mailddit/mailddit_rails/config/rubber/rubber-memcached.yml
Reading rubber configuration from /Users/Sam/Documents/Development/mailddit/mailddit_rails/config/rubber/rubber-monit.yml
Reading rubber configuration from /Users/Sam/Documents/Development/mailddit/mailddit_rails/config/rubber/rubber-munin.yml
Reading rubber configuration from /Users/Sam/Documents/Development/mailddit/mailddit_rails/config/rubber/rubber-mysql.yml
Reading rubber configuration from /Users/Sam/Documents/Development/mailddit/mailddit_rails/config/rubber/rubber-passenger.yml
Reading rubber configuration from /Users/Sam/Documents/Development/mailddit/mailddit_rails/config/rubber/rubber-rvm.yml
Reading rubber instances from /Users/Sam/Documents/Development/mailddit/mailddit_rails/config/rubber/instance-development.yml


Started GET "/" for 127.0.0.1 at 2011-02-03 17:13:21 -0500
